--- Log opened Fri Nov 07 20:00:33 2008
20:00  j:gregf:(~gregf@207.5.168.94)
20:00 Irssi: #OpenBSD: Total of 10 nicks (1 ops, 0 halfops, 0 voices, 9 normal)
20:00 Irssi: Join to #OpenBSD was synced in 6 secs
--- Log closed Fri Nov 07 20:49:23 2008
--- Log opened Fri Nov 07 20:59:07 2008
20:59  j:gregf:(~gregf@207.5.168.94)
20:59 Irssi: #OpenBSD: Total of 10 nicks (1 ops, 0 halfops, 0 voices, 9 normal)
20:59 Irssi: Join to #OpenBSD was synced in 5 secs
20:59 You're now known as Guest2111
20:59 You're now known as gregf
--- Day changed Sat Nov 08 2008
00:11  j:q0r_:(~q0r@tor-irc.dnsbl.oftc.net)
00:13  q:q0r:(~q0r@tor-irc.dnsbl.oftc.net)
02:26  q:Tas:(~tas@tor-irc.dnsbl.oftc.net)
--- Log closed Sat Nov 08 04:29:39 2008
--- Log opened Sat Nov 08 08:41:27 2008
08:41  j:gregf:(~gregf@207.5.168.94)
08:41 Irssi: #OpenBSD: Total of 10 nicks (1 ops, 0 halfops, 0 voices, 9 normal)
08:41  q:miker:(~miker@pool-71-101-93-92.tampfl.dsl-w.verizon.net)
08:41 Irssi: Join to #OpenBSD was synced in 12 secs
08:42 You're now known as Guest2188
--- Log closed Sat Nov 08 08:47:14 2008
--- Log opened Sat Nov 08 08:48:55 2008
08:48  j:gregf_:(~gregf@207.5.168.94)
08:48 Irssi: #OpenBSD: Total of 9 nicks (1 ops, 0 halfops, 0 voices, 8 normal)
08:49 Irssi: Join to #OpenBSD was synced in 14 secs
08:50  j:miker:(~miker@pool-71-101-93-92.tampfl.dsl-w.verizon.net)
08:50 You're now known as gregf
12:08  q:Tas:(~tas@tor-irc.dnsbl.oftc.net)
12:16  j:Tas:(debian-tor@tor-irc.dnsbl.oftc.net)
12:20  q:q0r_:(~q0r@tor-irc.dnsbl.oftc.net)
14:42  q:Tas:(debian-tor@tor-irc.dnsbl.oftc.net)
14:44  j:Tas:(~tas@tor-irc.dnsbl.oftc.net)
--- Log closed Sat Nov 08 20:35:41 2008
--- Log opened Sat Nov 08 20:43:46 2008
20:43  j:gregf:(~gregf@207.5.168.94)
20:43 Irssi: #OpenBSD: Total of 9 nicks (1 ops, 0 halfops, 0 voices, 8 normal)
20:43 Irssi: Join to #OpenBSD was synced in 9 secs
20:44 You're now known as Guest2270
21:36  j:freenodesux:(~asdfasdtf@201.240.16.97)
21:38  q:Tas:(~tas@tor-irc.dnsbl.oftc.net)
21:39  j:Tas:(~tas@tor-irc.dnsbl.oftc.net)
21:42  q:Spengler:(~kewn@124-171-224-160.dyn.iinet.net.au)
21:58  p:freenodesux:(~asdfasdtf@201.240.16.97)
22:05  j:Spengler:(~kewn@203-214-99-54.dyn.iinet.net.au)
--- Log closed Sat Nov 08 23:48:02 2008
--- Log opened Sun Nov 09 09:51:02 2008
09:51  j:gregf:(~gregf@207.5.168.94)
09:51 Irssi: #OpenBSD: Total of 9 nicks (1 ops, 0 halfops, 0 voices, 8 normal)
09:51 Irssi: Join to #OpenBSD was synced in 9 secs
--- Log closed Sun Nov 09 11:03:38 2008
