--- Log opened Sun Nov 02 19:50:43 2008
19:50  j:gregf:(~gregf@207.5.168.94)
19:50 Irssi: #openbsd: Total of 8 nicks (1 ops, 0 halfops, 0 voices, 7 normal)
19:50  m:+o gregf/ChanServ
19:50 Irssi: Join to #openbsd was synced in 1 secs
19:52  T:[#OpenBSD]/gregf: Welcome to #openbsd. | Ask your question and wait for a answer. | Order 4.4
--- Log closed Sun Nov 02 23:24:06 2008
--- Log opened Wed Nov 05 15:48:53 2008
15:48  j:gregf:(~gregf@207.5.168.94)
15:48 Irssi: #OpenBSD: Total of 9 nicks (1 ops, 0 halfops, 0 voices, 8 normal)
15:48 Irssi: Join to #OpenBSD was synced in 6 secs
15:49 You're now known as Guest1721
15:50 You're now known as gregf
19:50  j:Spengler_:(~kewn@124-171-224-160.dyn.iinet.net.au)
19:57  q:Spengler:(~kewn@124-171-224-160.dyn.iinet.net.au)
--- Log closed Wed Nov 05 21:14:51 2008
--- Log opened Wed Nov 05 21:15:39 2008
21:15  j:gregf:(~gregf@207.5.168.94)
21:15 Irssi: #OpenBSD: Total of 9 nicks (1 ops, 0 halfops, 0 voices, 8 normal)
21:15 Irssi: Join to #OpenBSD was synced in 6 secs
21:24  ~:Spengler_ >> Spengler
--- Log closed Thu Nov 06 01:14:11 2008
--- Log opened Thu Nov 06 01:17:41 2008
01:17  j:gregf:(~gregf@207.5.168.94)
01:17 Irssi: #OpenBSD: Total of 9 nicks (1 ops, 0 halfops, 0 voices, 8 normal)
01:17 Irssi: Join to #OpenBSD was synced in 6 secs
05:30  j:digitech:(digitech@ns.securityrisk.org)
06:48  q:digitech:(digitech@ns.securityrisk.org)
08:46  q:Tas:(~tas@tor-irc.dnsbl.oftc.net)
08:47  j:Tas:(~tas@tor-irc.dnsbl.oftc.net)
--- Log closed Thu Nov 06 13:47:13 2008
--- Log opened Thu Nov 06 16:11:47 2008
16:11  j:gregf:(~gregf@207.5.168.94)
16:11 Irssi: #OpenBSD: Total of 9 nicks (1 ops, 0 halfops, 0 voices, 8 normal)
16:11 Irssi: Join to #OpenBSD was synced in 5 secs
18:28  q:miker:(~miker@pool-71-101-93-92.tampfl.dsl-w.verizon.net)
18:37  j:miker:(~miker@pool-71-101-93-92.tampfl.dsl-w.verizon.net)
18:50  q:miker:(~miker@pool-71-101-93-92.tampfl.dsl-w.verizon.net)
19:12  j:miker:(~miker@pool-71-101-93-92.tampfl.dsl-w.verizon.net)
20:03  q:Tas:(~tas@tor-irc.dnsbl.oftc.net)
20:56  j:Matthias:(matt@evilish.co.uk)
20:56  p:Matthias:(matt@evilish.co.uk)
21:07  q:miker:(~miker@pool-71-101-93-92.tampfl.dsl-w.verizon.net)
21:10  j:miker:(~miker@pool-71-101-93-92.tampfl.dsl-w.verizon.net)
23:47 Netsplit charon.oftc.net <-> larich.oftc.net quits: @Lnk
23:53 Netsplit over, joins: @Lnk
