--- Log opened Wed Nov 05 15:48:53 2008
15:48 !graviton.oftc.net *** Looking up your hostname...
15:48 !graviton.oftc.net *** Checking Ident
15:48 !graviton.oftc.net *** No Ident response
15:48 !graviton.oftc.net *** Your forward and reverse DNS do not match, ignoring hostname.
--- Log closed Wed Nov 05 15:54:52 2008
--- Log opened Wed Nov 05 21:15:39 2008
21:15 !graviton.oftc.net *** Looking up your hostname...
21:15 !graviton.oftc.net *** Checking Ident
21:15 !graviton.oftc.net *** Your forward and reverse DNS do not match, ignoring hostname.
21:15 !graviton.oftc.net *** No Ident response
--- Log closed Wed Nov 05 21:21:38 2008
--- Log opened Thu Nov 06 01:17:41 2008
01:17 !charm.oftc.net *** Looking up your hostname...
01:17 !charm.oftc.net *** Checking Ident
01:17 !charm.oftc.net *** Your forward and reverse DNS do not match, ignoring hostname.
01:17 !charm.oftc.net *** No Ident response
--- Log closed Thu Nov 06 01:23:40 2008
--- Log opened Thu Nov 06 16:11:47 2008
16:11 !charm.oftc.net *** Looking up your hostname...
16:11 !charm.oftc.net *** Checking Ident
16:11 !charm.oftc.net *** No Ident response
16:11 !charm.oftc.net *** Your forward and reverse DNS do not match, ignoring hostname.
--- Log closed Thu Nov 06 16:17:45 2008
