--- Log opened Fri Nov 07 20:00:32 2008
20:00 !larich.oftc.net *** Looking up your hostname...
20:00 !larich.oftc.net *** Checking Ident
20:00 !larich.oftc.net *** No Ident response
20:00 !larich.oftc.net *** Your forward and reverse DNS do not match, ignoring hostname.
--- Log closed Fri Nov 07 20:06:32 2008
--- Log opened Fri Nov 07 20:59:07 2008
20:59 !charm.oftc.net *** Looking up your hostname...
20:59 !charm.oftc.net *** Checking Ident
20:59 !charm.oftc.net *** Your forward and reverse DNS do not match, ignoring hostname.
20:59 !charm.oftc.net *** No Ident response
--- Log closed Fri Nov 07 21:05:06 2008
--- Log opened Sat Nov 08 08:41:21 2008
08:41 !osmotic.oftc.net *** Looking up your hostname...
08:41 !osmotic.oftc.net *** Checking Ident
08:41 !osmotic.oftc.net *** Your forward and reverse DNS do not match, ignoring hostname.
08:41 !osmotic.oftc.net *** No Ident response
--- Log closed Sat Nov 08 08:47:06 2008
--- Log opened Sat Nov 08 08:48:49 2008
08:48 !osmotic.oftc.net *** Looking up your hostname...
08:48 !osmotic.oftc.net *** Checking Ident
08:48 !osmotic.oftc.net *** Your forward and reverse DNS do not match, ignoring hostname.
08:48 !osmotic.oftc.net *** No Ident response
--- Log closed Sat Nov 08 08:54:34 2008
--- Log opened Sat Nov 08 20:43:42 2008
20:43 !larich.oftc.net *** Looking up your hostname...
20:43 !larich.oftc.net *** Checking Ident
20:43 !larich.oftc.net *** No Ident response
20:43 !larich.oftc.net *** Your forward and reverse DNS do not match, ignoring hostname.
--- Log closed Sat Nov 08 20:49:34 2008
--- Log opened Sun Nov 09 09:50:59 2008
09:50 !charm.oftc.net *** Looking up your hostname...
09:50 !charm.oftc.net *** Checking Ident
09:50 !charm.oftc.net *** Your forward and reverse DNS do not match, ignoring hostname.
09:50 !charm.oftc.net *** No Ident response
--- Log closed Sun Nov 09 09:56:58 2008
