--- Log opened Wed Nov 05 15:48:53 2008
15:48 -NickServ(services@services.oftc.net)- This nickname is registered and protected.  If it is your nickname, you may
15:48 -NickServ(services@services.oftc.net)- authenticate yourself to services with the IDENTIFY command.  If you do
15:48 -NickServ(services@services.oftc.net)- not authenticate or change your nickname, I will change your nickname.  You
15:48 -NickServ(services@services.oftc.net)- are getting this notice because you are not on the access list for the gregf
15:48 -NickServ(services@services.oftc.net)- nickname.
15:50 Irssi: Starting query in OFTC with nickserv
15:50 Guest1721> regain gregf katmai96
15:50 -NickServ(services@services.oftc.net)- REGAIN succeed on nickname gregf. You have been changed to your nickname.
--- Log closed Wed Nov 05 15:50:08 2008
--- Log opened Wed Nov 05 21:15:39 2008
21:15 -NickServ(services@services.oftc.net)- This nickname is registered and protected.  If it is your nickname, you may
21:15 -NickServ(services@services.oftc.net)- authenticate yourself to services with the IDENTIFY command.  If you do
21:15 -NickServ(services@services.oftc.net)- not authenticate or change your nickname, I will change your nickname.  You
21:15 -NickServ(services@services.oftc.net)- are getting this notice because you are not on the access list for the gregf
21:15 -NickServ(services@services.oftc.net)- nickname.
21:15 Irssi: Starting query in OFTC with nickserv
21:15 gregf> identify katmai96
21:15 -NickServ(services@services.oftc.net)- You are successfully identified as gregf.
--- Log closed Wed Nov 05 21:15:55 2008
--- Log opened Thu Nov 06 01:17:41 2008
01:17 -NickServ(services@services.oftc.net)- This nickname is registered and protected.  If it is your nickname, you may
01:17 -NickServ(services@services.oftc.net)- authenticate yourself to services with the IDENTIFY command.  If you do
01:17 -NickServ(services@services.oftc.net)- not authenticate or change your nickname, I will change your nickname.  You
01:17 -NickServ(services@services.oftc.net)- are getting this notice because you are not on the access list for the gregf
01:17 -NickServ(services@services.oftc.net)- nickname.
01:17 Irssi: Starting query in OFTC with nickserv
01:17 gregf> identify katmai96
01:17 -NickServ(services@services.oftc.net)- You are successfully identified as gregf.
--- Log closed Thu Nov 06 01:23:40 2008
--- Log opened Thu Nov 06 16:11:47 2008
16:11 -NickServ(services@services.oftc.net)- This nickname is registered and protected.  If it is your nickname, you may
16:11 -NickServ(services@services.oftc.net)- authenticate yourself to services with the IDENTIFY command.  If you do
16:11 -NickServ(services@services.oftc.net)- not authenticate or change your nickname, I will change your nickname.  You
16:11 -NickServ(services@services.oftc.net)- are getting this notice because you are not on the access list for the gregf
16:11 -NickServ(services@services.oftc.net)- nickname.
16:11 Irssi: Starting query in OFTC with nickserv
16:11 gregf> identify katmai96
16:11 -NickServ(services@services.oftc.net)- You are successfully identified as gregf.
--- Log closed Thu Nov 06 16:12:01 2008
