--- Log opened Fri Nov 07 20:04:41 2008
20:04 !irc.freenode.net *** Looking up your hostname...
20:04 !irc.freenode.net *** Checking ident
20:04 !irc.freenode.net *** No identd (auth) response
20:04 !irc.freenode.net *** Your forward and reverse DNS don't match
--- Log closed Fri Nov 07 20:10:32 2008
--- Log opened Fri Nov 07 20:59:06 2008
20:59 !irc.freenode.net *** Looking up your hostname...
20:59 !irc.freenode.net *** Checking ident
20:59 !irc.freenode.net *** No identd (auth) response
20:59 !irc.freenode.net *** Your forward and reverse DNS don't match
--- Log closed Fri Nov 07 21:05:06 2008
--- Log opened Sat Nov 08 08:45:23 2008
08:45 !irc.freenode.net *** Looking up your hostname...
08:45 !irc.freenode.net *** Checking ident
08:45 !irc.freenode.net *** No identd (auth) response
08:45 !irc.freenode.net *** Your forward and reverse DNS don't match
--- Log closed Sat Nov 08 08:47:14 2008
--- Log opened Sat Nov 08 08:48:49 2008
08:48 !irc.freenode.net *** Looking up your hostname...
08:48 !irc.freenode.net *** Checking ident
08:48 !irc.freenode.net *** No identd (auth) response
08:48 !irc.freenode.net *** Your forward and reverse DNS don't match
--- Log closed Sat Nov 08 08:54:34 2008
--- Log opened Sat Nov 08 20:43:41 2008
20:43 !irc.freenode.net *** Looking up your hostname...
20:43 !irc.freenode.net *** Checking ident
20:43 !irc.freenode.net *** No identd (auth) response
20:43 !irc.freenode.net *** Your forward and reverse DNS don't match
--- Log closed Sat Nov 08 20:49:34 2008
--- Log opened Sun Nov 09 09:50:59 2008
09:50 !irc.freenode.net *** Looking up your hostname...
09:50 !irc.freenode.net *** Checking ident
09:50 !irc.freenode.net *** No identd (auth) response
09:50 !irc.freenode.net *** Your forward and reverse DNS don't match
--- Log closed Sun Nov 09 09:56:58 2008
