--- Log opened Wed Nov 05 15:48:53 2008
15:48 !irc.freenode.net *** Looking up your hostname...
15:48 !irc.freenode.net *** Checking ident
15:48 !irc.freenode.net *** No identd (auth) response
15:48 !irc.freenode.net *** Your forward and reverse DNS don't match
--- Log closed Wed Nov 05 15:54:52 2008
--- Log opened Wed Nov 05 21:15:39 2008
21:15 !irc.freenode.net *** Looking up your hostname...
21:15 !irc.freenode.net *** Checking ident
21:15 !irc.freenode.net *** No identd (auth) response
21:15 !irc.freenode.net *** Your forward and reverse DNS don't match
--- Log closed Wed Nov 05 21:21:38 2008
--- Log opened Thu Nov 06 01:17:41 2008
01:17 !irc.freenode.net *** Looking up your hostname...
01:17 !irc.freenode.net *** Checking ident
01:17 !irc.freenode.net *** No identd (auth) response
01:17 !irc.freenode.net *** Your forward and reverse DNS don't match
--- Log closed Thu Nov 06 01:23:40 2008
--- Log opened Thu Nov 06 16:15:56 2008
16:15 !irc.freenode.net *** Looking up your hostname...
16:15 !irc.freenode.net *** Checking ident
16:15 !irc.freenode.net *** Your forward and reverse DNS don't match
16:15 !irc.freenode.net *** No identd (auth) response
--- Log closed Thu Nov 06 16:21:45 2008
