--- Log opened Fri Nov 07 20:04:41 2008
20:04 -NickServ(NickServ@services.)- This nickname is registered. Please choose a different nickname, or identify via /msg NickServ identify <password>.
--- Log closed Fri Nov 07 20:10:32 2008
--- Log opened Fri Nov 07 20:59:07 2008
20:59 -NickServ(NickServ@services.)- This nickname is registered. Please choose a different nickname, or identify via /msg NickServ identify <password>.
20:59 Irssi: Starting query in freenode with nickserv
20:59 gregf> idenitfy katmai96
20:59 -NickServ(NickServ@services.)- Invalid command. Use /msg NickServ help for a command listing.
--- Log closed Fri Nov 07 20:59:22 2008
--- Log opened Sat Nov 08 08:45:25 2008
08:45 -NickServ(NickServ@services.)- This nickname is registered. Please choose a different nickname, or identify via /msg NickServ identify <password>.
08:45 -NickServ(NickServ@services.)- Invalid command. Use /msg NickServ help for a command listing.
--- Log closed Sat Nov 08 08:47:14 2008
--- Log opened Sat Nov 08 08:48:50 2008
08:48 -NickServ(NickServ@services.)- This nickname is registered. Please choose a different nickname, or identify via /msg NickServ identify <password>.
08:48 -NickServ(NickServ@services.)- Invalid command. Use /msg NickServ help for a command listing.
08:50 Irssi: Starting query in freenode with nickserv
08:50 gregf> regain gregf katmai96
08:50 -NickServ(NickServ@services.)- Invalid command. Use /msg NickServ help for a command listing.
--- Log closed Sat Nov 08 08:51:06 2008
--- Log opened Sat Nov 08 20:43:41 2008
20:43 -NickServ(NickServ@services.)- This nickname is registered. Please choose a different nickname, or identify via /msg NickServ identify <password>.
20:43 -NickServ(NickServ@services.)- Invalid command. Use /msg NickServ help for a command listing.
--- Log closed Sat Nov 08 20:49:34 2008
--- Log opened Sun Nov 09 09:50:59 2008
09:50 -NickServ(NickServ@services.)- This nickname is registered. Please choose a different nickname, or identify via /msg NickServ identify <password>.
09:51 -NickServ(NickServ@services.)- Invalid command. Use /msg NickServ help for a command listing.
--- Log closed Sun Nov 09 09:56:58 2008
